<?xml version="1.0" encoding="UTF-8"?>
<!-- Generated by org.testng.reporters.JUnitReportReporter -->
<testsuite hostname="WIN-C4CR381923N" failures="0" tests="1" name="sampleTests.UseCase1" time="24.601" errors="0" timestamp="2022-07-15T11:58:19 IST" skipped="0">
  <testcase classname="sampleTests.UseCase1" name="loginToMoneyControl_withValidCreds" time="24.601"/>
  <system-out/>
</testsuite> <!-- sampleTests.UseCase1 -->
